<?xml version="1.0" encoding="UTF-8" ?>
<testsuite errors="2" failures="0" hostname="VPCF11E1R" name="test.IntervalAnalysis.Characteristics.Calculators.testAverageRemoteness" tests="2" time="0.007" timestamp="2012-01-28T10:26:31">
  <properties>
[...]
</properties>
  <testcase classname="test.IntervalAnalysis.Characteristics.Calculators.testAverageRemoteness" name="testCalculationForChain" time="0.002">
    <error message="main.EventTheory.PsevdoValue.clone()Lmain/Root/IBaseObject;" type="java.lang.AbstractMethodError">java.lang.AbstractMethodError: main.EventTheory.PsevdoValue.clone()Lmain/Root/IBaseObject;
	at main.TheoryOfSet.Alphabet.add(Alphabet.java:29)
	at main.EventTheory.Space.&lt;init&gt;(Space.java:21)
	at main.IntervalAnalysis.BaseChain.&lt;init&gt;(BaseChain.java:16)
	at main.IntervalAnalysis.ChainWithCharacteristic.&lt;init&gt;(ChainWithCharacteristic.java:26)
	at main.IntervalAnalysis.Chain.&lt;init&gt;(Chain.java:23)
	at test.IntervalAnalysis.Characteristics.Calculators.ObjectMother.getChain(ObjectMother.java:19)
	at test.IntervalAnalysis.Characteristics.Calculators.testAverageRemoteness.setUp(testAverageRemoteness.java:23)
	at com.intellij.rt.ant.execution.AntMain2.main(AntMain2.java:32)
</error>
  </testcase>
  <testcase classname="test.IntervalAnalysis.Characteristics.Calculators.testAverageRemoteness" name="testCalculation" time="0.001">
    <error message="main.EventTheory.PsevdoValue.clone()Lmain/Root/IBaseObject;" type="java.lang.AbstractMethodError">java.lang.AbstractMethodError: main.EventTheory.PsevdoValue.clone()Lmain/Root/IBaseObject;
	at main.TheoryOfSet.Alphabet.add(Alphabet.java:29)
	at main.EventTheory.Space.&lt;init&gt;(Space.java:21)
	at main.IntervalAnalysis.BaseChain.&lt;init&gt;(BaseChain.java:16)
	at main.IntervalAnalysis.ChainWithCharacteristic.&lt;init&gt;(ChainWithCharacteristic.java:26)
	at main.IntervalAnalysis.Chain.&lt;init&gt;(Chain.java:23)
	at test.IntervalAnalysis.Characteristics.Calculators.ObjectMother.getChain(ObjectMother.java:19)
	at test.IntervalAnalysis.Characteristics.Calculators.testAverageRemoteness.setUp(testAverageRemoteness.java:23)
	at com.intellij.rt.ant.execution.AntMain2.main(AntMain2.java:32)
</error>
  </testcase>
  <system-out><![CDATA[]]></system-out>
  <system-err><![CDATA[]]></system-err>
</testsuite>
